This file contains any messages produced by compilers while
running configure, to aid debugging if configure makes a mistake.

It was created by configure, which was
generated by GNU Autoconf 2.69.  Invocation command line was

  $ ./configure 

## --------- ##
## Platform. ##
## --------- ##

hostname = bjm-ThinkPad-T470
uname -m = x86_64
uname -r = 4.13.0-39-generic
uname -s = Linux
uname -v = #44~16.04.1-Ubuntu SMP Thu Apr 5 16:43:10 UTC 2018

/usr/bin/uname -p = unknown
/bin/uname -X     = unknown

/bin/arch              = unknown
/usr/bin/arch -k       = unknown
/usr/convex/getsysinfo = unknown
/usr/bin/hostinfo      = unknown
/bin/machine           = unknown
/usr/bin/oslevel       = unknown
/bin/universe          = unknown

PATH: /home/bjm/TORQ/gcs_ws/devel/bin
PATH: /opt/ros/kinetic/bin
PATH: /home/bjm/.local/share/umake/bin
PATH: /home/bjm/bin
PATH: /home/bjm/.local/bin
PATH: /usr/local/sbin
PATH: /usr/local/bin
PATH: /usr/sbin
PATH: /usr/bin
PATH: /sbin
PATH: /bin
PATH: /usr/games
PATH: /usr/local/games
PATH: /snap/bin


## ----------- ##
## Core tests. ##
## ----------- ##

configure:2364: checking build system type
configure:2378: result: x86_64-pc-linux-gnu
configure:2398: checking host system type
configure:2411: result: x86_64-pc-linux-gnu
configure:2431: checking target system type
configure:2444: result: x86_64-pc-linux-gnu
configure:2488: checking for a BSD-compatible install
configure:2556: result: /usr/bin/install -c
configure:2567: checking whether build environment is sane
configure:2622: result: yes
configure:2773: checking for a thread-safe mkdir -p
configure:2812: result: /bin/mkdir -p
configure:2819: checking for gawk
configure:2849: result: no
configure:2819: checking for mawk
configure:2835: found /usr/bin/mawk
configure:2846: result: mawk
configure:2857: checking whether make sets $(MAKE)
configure:2879: result: yes
configure:2908: checking whether make supports nested variables
configure:2925: result: yes
configure:3063: checking if the nurbs++ package is used inside MindsEye
configure:3079: result: no
configure:3130: checking how to print strings
configure:3157: result: printf
configure:3190: checking for style of include used by make
configure:3218: result: GNU
configure:3289: checking for gcc
configure:3305: found /usr/bin/gcc
configure:3316: result: gcc
configure:3545: checking for C compiler version
configure:3554: gcc --version >&5
gcc (Ubuntu 5.4.0-6ubuntu1~16.04.9) 5.4.0 20160609
Copyright (C) 2015 Free Software Foundation, Inc.
This is free software; see the source for copying conditions.  There is NO
warranty; not even for MERCHANTABILITY or FITNESS FOR A PARTICULAR PURPOSE.

configure:3565: $? = 0
configure:3554: gcc -v >&5
Using built-in specs.
COLLECT_GCC=gcc
COLLECT_LTO_WRAPPER=/usr/lib/gcc/x86_64-linux-gnu/5/lto-wrapper
Target: x86_64-linux-gnu
Configured with: ../src/configure -v --with-pkgversion='Ubuntu 5.4.0-6ubuntu1~16.04.9' --with-bugurl=file:///usr/share/doc/gcc-5/README.Bugs --enable-languages=c,ada,c++,java,go,d,fortran,objc,obj-c++ --prefix=/usr --program-suffix=-5 --enable-shared --enable-linker-build-id --libexecdir=/usr/lib --without-included-gettext --enable-threads=posix --libdir=/usr/lib --enable-nls --with-sysroot=/ --enable-clocale=gnu --enable-libstdcxx-debug --enable-libstdcxx-time=yes --with-default-libstdcxx-abi=new --enable-gnu-unique-object --disable-vtable-verify --enable-libmpx --enable-plugin --with-system-zlib --disable-browser-plugin --enable-java-awt=gtk --enable-gtk-cairo --with-java-home=/usr/lib/jvm/java-1.5.0-gcj-5-amd64/jre --enable-java-home --with-jvm-root-dir=/usr/lib/jvm/java-1.5.0-gcj-5-amd64 --with-jvm-jar-dir=/usr/lib/jvm-exports/java-1.5.0-gcj-5-amd64 --with-arch-directory=amd64 --with-ecj-jar=/usr/share/java/eclipse-ecj.jar --enable-objc-gc --enable-multiarch --disable-werror --with-arch-32=i686 --with-abi=m64 --with-multilib-list=m32,m64,mx32 --enable-multilib --with-tune=generic --enable-checking=release --build=x86_64-linux-gnu --host=x86_64-linux-gnu --target=x86_64-linux-gnu
Thread model: posix
gcc version 5.4.0 20160609 (Ubuntu 5.4.0-6ubuntu1~16.04.9) 
configure:3565: $? = 0
configure:3554: gcc -V >&5
gcc: error: unrecognized command line option '-V'
gcc: fatal error: no input files
compilation terminated.
configure:3565: $? = 1
configure:3554: gcc -qversion >&5
gcc: error: unrecognized command line option '-qversion'
gcc: fatal error: no input files
compilation terminated.
configure:3565: $? = 1
configure:3585: checking whether the C compiler works
configure:3607: gcc    conftest.c  >&5
configure:3611: $? = 0
configure:3659: result: yes
configure:3662: checking for C compiler default output file name
configure:3664: result: a.out
configure:3670: checking for suffix of executables
configure:3677: gcc -o conftest    conftest.c  >&5
configure:3681: $? = 0
configure:3703: result: 
configure:3725: checking whether we are cross compiling
configure:3733: gcc -o conftest    conftest.c  >&5
configure:3737: $? = 0
configure:3744: ./conftest
configure:3748: $? = 0
configure:3763: result: no
configure:3768: checking for suffix of object files
configure:3790: gcc -c   conftest.c >&5
configure:3794: $? = 0
configure:3815: result: o
configure:3819: checking whether we are using the GNU C compiler
configure:3838: gcc -c   conftest.c >&5
configure:3838: $? = 0
configure:3847: result: yes
configure:3856: checking whether gcc accepts -g
configure:3876: gcc -c -g  conftest.c >&5
configure:3876: $? = 0
configure:3917: result: yes
configure:3934: checking for gcc option to accept ISO C89
configure:3997: gcc  -c -g -O2  conftest.c >&5
configure:3997: $? = 0
configure:4010: result: none needed
configure:4035: checking whether gcc understands -c and -o together
configure:4057: gcc -c conftest.c -o conftest2.o
configure:4060: $? = 0
configure:4057: gcc -c conftest.c -o conftest2.o
configure:4060: $? = 0
configure:4072: result: yes
configure:4091: checking dependency style of gcc
configure:4202: result: gcc3
configure:4217: checking for a sed that does not truncate output
configure:4281: result: /bin/sed
configure:4299: checking for grep that handles long lines and -e
configure:4357: result: /bin/grep
configure:4362: checking for egrep
configure:4424: result: /bin/grep -E
configure:4429: checking for fgrep
configure:4491: result: /bin/grep -F
configure:4526: checking for ld used by gcc
configure:4593: result: /usr/bin/ld
configure:4600: checking if the linker (/usr/bin/ld) is GNU ld
configure:4615: result: yes
configure:4627: checking for BSD- or MS-compatible name lister (nm)
configure:4681: result: /usr/bin/nm -B
configure:4811: checking the name lister (/usr/bin/nm -B) interface
configure:4818: gcc -c -g -O2  conftest.c >&5
configure:4821: /usr/bin/nm -B "conftest.o"
configure:4824: output
0000000000000000 B some_variable
configure:4831: result: BSD nm
configure:4834: checking whether ln -s works
configure:4838: result: yes
configure:4846: checking the maximum length of command line arguments
configure:4977: result: 1572864
configure:5025: checking how to convert x86_64-pc-linux-gnu file names to x86_64-pc-linux-gnu format
configure:5065: result: func_convert_file_noop
configure:5072: checking how to convert x86_64-pc-linux-gnu file names to toolchain format
configure:5092: result: func_convert_file_noop
configure:5099: checking for /usr/bin/ld option to reload object files
configure:5106: result: -r
configure:5180: checking for objdump
configure:5196: found /usr/bin/objdump
configure:5207: result: objdump
configure:5239: checking how to recognize dependent libraries
configure:5439: result: pass_all
configure:5524: checking for dlltool
configure:5554: result: no
configure:5584: checking how to associate runtime and link libraries
configure:5611: result: printf %s\n
configure:5672: checking for ar
configure:5688: found /usr/bin/ar
configure:5699: result: ar
configure:5736: checking for archiver @FILE support
configure:5753: gcc -c -g -O2  conftest.c >&5
configure:5753: $? = 0
configure:5756: ar cru libconftest.a @conftest.lst >&5
ar: `u' modifier ignored since `D' is the default (see `U')
configure:5759: $? = 0
configure:5764: ar cru libconftest.a @conftest.lst >&5
ar: `u' modifier ignored since `D' is the default (see `U')
ar: conftest.o: No such file or directory
configure:5767: $? = 1
configure:5779: result: @
configure:5837: checking for strip
configure:5853: found /usr/bin/strip
configure:5864: result: strip
configure:5936: checking for ranlib
configure:5952: found /usr/bin/ranlib
configure:5963: result: ranlib
configure:6065: checking command to parse /usr/bin/nm -B output from gcc object
configure:6218: gcc -c -g -O2  conftest.c >&5
configure:6221: $? = 0
configure:6225: /usr/bin/nm -B conftest.o \| sed -n -e 's/^.*[ ]\([ABCDGIRSTW][ABCDGIRSTW]*\)[ ][ ]*\([_A-Za-z][_A-Za-z0-9]*\)$/\1 \2 \2/p' | sed '/ __gnu_lto/d' \> conftest.nm
configure:6228: $? = 0
configure:6294: gcc -o conftest -g -O2   conftest.c conftstm.o >&5
configure:6297: $? = 0
configure:6335: result: ok
configure:6382: checking for sysroot
configure:6412: result: no
configure:6419: checking for a working dd
configure:6457: result: /bin/dd
configure:6461: checking how to truncate binary pipes
configure:6476: result: /bin/dd bs=4096 count=1
configure:6612: gcc -c -g -O2  conftest.c >&5
configure:6615: $? = 0
configure:6805: checking for mt
configure:6821: found /bin/mt
configure:6832: result: mt
configure:6855: checking if mt is a manifest tool
configure:6861: mt '-?'
configure:6869: result: no
configure:7546: checking how to run the C preprocessor
configure:7577: gcc -E  conftest.c
configure:7577: $? = 0
configure:7591: gcc -E  conftest.c
conftest.c:11:28: fatal error: ac_nonexistent.h: No such file or directory
compilation terminated.
configure:7591: $? = 1
configure: failed program was:
| /* confdefs.h */
| #define PACKAGE_NAME ""
| #define PACKAGE_TARNAME ""
| #define PACKAGE_VERSION ""
| #define PACKAGE_STRING ""
| #define PACKAGE_BUGREPORT ""
| #define PACKAGE_URL ""
| #define PACKAGE "nurbs++"
| #define VERSION "3.0.12"
| /* end confdefs.h.  */
| #include <ac_nonexistent.h>
configure:7616: result: gcc -E
configure:7636: gcc -E  conftest.c
configure:7636: $? = 0
configure:7650: gcc -E  conftest.c
conftest.c:11:28: fatal error: ac_nonexistent.h: No such file or directory
compilation terminated.
configure:7650: $? = 1
configure: failed program was:
| /* confdefs.h */
| #define PACKAGE_NAME ""
| #define PACKAGE_TARNAME ""
| #define PACKAGE_VERSION ""
| #define PACKAGE_STRING ""
| #define PACKAGE_BUGREPORT ""
| #define PACKAGE_URL ""
| #define PACKAGE "nurbs++"
| #define VERSION "3.0.12"
| /* end confdefs.h.  */
| #include <ac_nonexistent.h>
configure:7679: checking for ANSI C header files
configure:7699: gcc -c -g -O2  conftest.c >&5
configure:7699: $? = 0
configure:7772: gcc -o conftest -g -O2   conftest.c  >&5
configure:7772: $? = 0
configure:7772: ./conftest
configure:7772: $? = 0
configure:7783: result: yes
configure:7796: checking for sys/types.h
configure:7796: gcc -c -g -O2  conftest.c >&5
configure:7796: $? = 0
configure:7796: result: yes
configure:7796: checking for sys/stat.h
configure:7796: gcc -c -g -O2  conftest.c >&5
configure:7796: $? = 0
configure:7796: result: yes
configure:7796: checking for stdlib.h
configure:7796: gcc -c -g -O2  conftest.c >&5
configure:7796: $? = 0
configure:7796: result: yes
configure:7796: checking for string.h
configure:7796: gcc -c -g -O2  conftest.c >&5
configure:7796: $? = 0
configure:7796: result: yes
configure:7796: checking for memory.h
configure:7796: gcc -c -g -O2  conftest.c >&5
configure:7796: $? = 0
configure:7796: result: yes
configure:7796: checking for strings.h
configure:7796: gcc -c -g -O2  conftest.c >&5
configure:7796: $? = 0
configure:7796: result: yes
configure:7796: checking for inttypes.h
configure:7796: gcc -c -g -O2  conftest.c >&5
configure:7796: $? = 0
configure:7796: result: yes
configure:7796: checking for stdint.h
configure:7796: gcc -c -g -O2  conftest.c >&5
configure:7796: $? = 0
configure:7796: result: yes
configure:7796: checking for unistd.h
configure:7796: gcc -c -g -O2  conftest.c >&5
configure:7796: $? = 0
configure:7796: result: yes
configure:7810: checking for dlfcn.h
configure:7810: gcc -c -g -O2  conftest.c >&5
configure:7810: $? = 0
configure:7810: result: yes
configure:8066: checking for objdir
configure:8081: result: .libs
configure:8345: checking if gcc supports -fno-rtti -fno-exceptions
configure:8363: gcc -c -g -O2  -fno-rtti -fno-exceptions conftest.c >&5
cc1: warning: command line option '-fno-rtti' is valid for C++/ObjC++ but not for C
configure:8367: $? = 0
configure:8380: result: no
configure:8738: checking for gcc option to produce PIC
configure:8745: result: -fPIC -DPIC
configure:8753: checking if gcc PIC flag -fPIC -DPIC works
configure:8771: gcc -c -g -O2  -fPIC -DPIC -DPIC conftest.c >&5
configure:8775: $? = 0
configure:8788: result: yes
configure:8817: checking if gcc static flag -static works
configure:8845: result: yes
configure:8860: checking if gcc supports -c -o file.o
configure:8881: gcc -c -g -O2  -o out/conftest2.o conftest.c >&5
configure:8885: $? = 0
configure:8907: result: yes
configure:8915: checking if gcc supports -c -o file.o
configure:8962: result: yes
configure:8995: checking whether the gcc linker (/usr/bin/ld -m elf_x86_64) supports shared libraries
configure:10258: result: yes
configure:10295: checking whether -lc should be explicitly linked in
configure:10303: gcc -c -g -O2  conftest.c >&5
configure:10306: $? = 0
configure:10321: gcc -shared  -fPIC -DPIC conftest.o  -v -Wl,-soname -Wl,conftest -o conftest 2\>\&1 \| /bin/grep  -lc  \>/dev/null 2\>\&1
configure:10324: $? = 0
configure:10338: result: no
configure:10498: checking dynamic linker characteristics
configure:11079: gcc -o conftest -g -O2   -Wl,-rpath -Wl,/foo conftest.c  >&5
configure:11079: $? = 0
configure:11328: result: GNU/Linux ld.so
configure:11450: checking how to hardcode library paths into programs
configure:11475: result: immediate
configure:12023: checking whether stripping libraries is possible
configure:12028: result: yes
configure:12063: checking if libtool supports shared libraries
configure:12065: result: yes
configure:12068: checking whether to build shared libraries
configure:12093: result: yes
configure:12096: checking whether to build static libraries
configure:12100: result: yes
configure:12196: checking for g++
configure:12212: found /usr/bin/g++
configure:12223: result: g++
configure:12250: checking for C++ compiler version
configure:12259: g++ --version >&5
g++ (Ubuntu 5.4.0-6ubuntu1~16.04.9) 5.4.0 20160609
Copyright (C) 2015 Free Software Foundation, Inc.
This is free software; see the source for copying conditions.  There is NO
warranty; not even for MERCHANTABILITY or FITNESS FOR A PARTICULAR PURPOSE.

configure:12270: $? = 0
configure:12259: g++ -v >&5
Using built-in specs.
COLLECT_GCC=g++
COLLECT_LTO_WRAPPER=/usr/lib/gcc/x86_64-linux-gnu/5/lto-wrapper
Target: x86_64-linux-gnu
Configured with: ../src/configure -v --with-pkgversion='Ubuntu 5.4.0-6ubuntu1~16.04.9' --with-bugurl=file:///usr/share/doc/gcc-5/README.Bugs --enable-languages=c,ada,c++,java,go,d,fortran,objc,obj-c++ --prefix=/usr --program-suffix=-5 --enable-shared --enable-linker-build-id --libexecdir=/usr/lib --without-included-gettext --enable-threads=posix --libdir=/usr/lib --enable-nls --with-sysroot=/ --enable-clocale=gnu --enable-libstdcxx-debug --enable-libstdcxx-time=yes --with-default-libstdcxx-abi=new --enable-gnu-unique-object --disable-vtable-verify --enable-libmpx --enable-plugin --with-system-zlib --disable-browser-plugin --enable-java-awt=gtk --enable-gtk-cairo --with-java-home=/usr/lib/jvm/java-1.5.0-gcj-5-amd64/jre --enable-java-home --with-jvm-root-dir=/usr/lib/jvm/java-1.5.0-gcj-5-amd64 --with-jvm-jar-dir=/usr/lib/jvm-exports/java-1.5.0-gcj-5-amd64 --with-arch-directory=amd64 --with-ecj-jar=/usr/share/java/eclipse-ecj.jar --enable-objc-gc --enable-multiarch --disable-werror --with-arch-32=i686 --with-abi=m64 --with-multilib-list=m32,m64,mx32 --enable-multilib --with-tune=generic --enable-checking=release --build=x86_64-linux-gnu --host=x86_64-linux-gnu --target=x86_64-linux-gnu
Thread model: posix
gcc version 5.4.0 20160609 (Ubuntu 5.4.0-6ubuntu1~16.04.9) 
configure:12270: $? = 0
configure:12259: g++ -V >&5
g++: error: unrecognized command line option '-V'
g++: fatal error: no input files
compilation terminated.
configure:12270: $? = 1
configure:12259: g++ -qversion >&5
g++: error: unrecognized command line option '-qversion'
g++: fatal error: no input files
compilation terminated.
configure:12270: $? = 1
configure:12274: checking whether we are using the GNU C++ compiler
configure:12293: g++ -c   conftest.cpp >&5
configure:12293: $? = 0
configure:12302: result: yes
configure:12311: checking whether g++ accepts -g
configure:12331: g++ -c -g  conftest.cpp >&5
configure:12331: $? = 0
configure:12372: result: yes
configure:12397: checking dependency style of g++
configure:12508: result: gcc3
configure:12541: checking how to run the C++ preprocessor
configure:12568: g++ -E  conftest.cpp
configure:12568: $? = 0
configure:12582: g++ -E  conftest.cpp
conftest.cpp:23:28: fatal error: ac_nonexistent.h: No such file or directory
compilation terminated.
configure:12582: $? = 1
configure: failed program was:
| /* confdefs.h */
| #define PACKAGE_NAME ""
| #define PACKAGE_TARNAME ""
| #define PACKAGE_VERSION ""
| #define PACKAGE_STRING ""
| #define PACKAGE_BUGREPORT ""
| #define PACKAGE_URL ""
| #define PACKAGE "nurbs++"
| #define VERSION "3.0.12"
| #define STDC_HEADERS 1
| #define HAVE_SYS_TYPES_H 1
| #define HAVE_SYS_STAT_H 1
| #define HAVE_STDLIB_H 1
| #define HAVE_STRING_H 1
| #define HAVE_MEMORY_H 1
| #define HAVE_STRINGS_H 1
| #define HAVE_INTTYPES_H 1
| #define HAVE_STDINT_H 1
| #define HAVE_UNISTD_H 1
| #define HAVE_DLFCN_H 1
| #define LT_OBJDIR ".libs/"
| /* end confdefs.h.  */
| #include <ac_nonexistent.h>
configure:12607: result: g++ -E
configure:12627: g++ -E  conftest.cpp
configure:12627: $? = 0
configure:12641: g++ -E  conftest.cpp
conftest.cpp:23:28: fatal error: ac_nonexistent.h: No such file or directory
compilation terminated.
configure:12641: $? = 1
configure: failed program was:
| /* confdefs.h */
| #define PACKAGE_NAME ""
| #define PACKAGE_TARNAME ""
| #define PACKAGE_VERSION ""
| #define PACKAGE_STRING ""
| #define PACKAGE_BUGREPORT ""
| #define PACKAGE_URL ""
| #define PACKAGE "nurbs++"
| #define VERSION "3.0.12"
| #define STDC_HEADERS 1
| #define HAVE_SYS_TYPES_H 1
| #define HAVE_SYS_STAT_H 1
| #define HAVE_STDLIB_H 1
| #define HAVE_STRING_H 1
| #define HAVE_MEMORY_H 1
| #define HAVE_STRINGS_H 1
| #define HAVE_INTTYPES_H 1
| #define HAVE_STDINT_H 1
| #define HAVE_UNISTD_H 1
| #define HAVE_DLFCN_H 1
| #define LT_OBJDIR ".libs/"
| /* end confdefs.h.  */
| #include <ac_nonexistent.h>
configure:12803: checking for ld used by g++
configure:12870: result: /usr/bin/ld -m elf_x86_64
configure:12877: checking if the linker (/usr/bin/ld -m elf_x86_64) is GNU ld
configure:12892: result: yes
configure:12947: checking whether the g++ linker (/usr/bin/ld -m elf_x86_64) supports shared libraries
configure:14020: result: yes
configure:14056: g++ -c -g -O2  conftest.cpp >&5
configure:14059: $? = 0
configure:14540: checking for g++ option to produce PIC
configure:14547: result: -fPIC -DPIC
configure:14555: checking if g++ PIC flag -fPIC -DPIC works
configure:14573: g++ -c -g -O2  -fPIC -DPIC -DPIC conftest.cpp >&5
configure:14577: $? = 0
configure:14590: result: yes
configure:14613: checking if g++ static flag -static works
configure:14641: result: yes
configure:14653: checking if g++ supports -c -o file.o
configure:14674: g++ -c -g -O2  -o out/conftest2.o conftest.cpp >&5
configure:14678: $? = 0
configure:14700: result: yes
configure:14705: checking if g++ supports -c -o file.o
configure:14752: result: yes
configure:14782: checking whether the g++ linker (/usr/bin/ld -m elf_x86_64) supports shared libraries
configure:14825: result: yes
configure:14966: checking dynamic linker characteristics
configure:15723: result: GNU/Linux ld.so
configure:15788: checking how to hardcode library paths into programs
configure:15813: result: immediate
configure:15858: checking how to run the C preprocessor
configure:15928: result: gcc -E
configure:15948: gcc -E  conftest.c
configure:15948: $? = 0
configure:15962: gcc -E  conftest.c
conftest.c:23:28: fatal error: ac_nonexistent.h: No such file or directory
compilation terminated.
configure:15962: $? = 1
configure: failed program was:
| /* confdefs.h */
| #define PACKAGE_NAME ""
| #define PACKAGE_TARNAME ""
| #define PACKAGE_VERSION ""
| #define PACKAGE_STRING ""
| #define PACKAGE_BUGREPORT ""
| #define PACKAGE_URL ""
| #define PACKAGE "nurbs++"
| #define VERSION "3.0.12"
| #define STDC_HEADERS 1
| #define HAVE_SYS_TYPES_H 1
| #define HAVE_SYS_STAT_H 1
| #define HAVE_STDLIB_H 1
| #define HAVE_STRING_H 1
| #define HAVE_MEMORY_H 1
| #define HAVE_STRINGS_H 1
| #define HAVE_INTTYPES_H 1
| #define HAVE_STDINT_H 1
| #define HAVE_UNISTD_H 1
| #define HAVE_DLFCN_H 1
| #define LT_OBJDIR ".libs/"
| /* end confdefs.h.  */
| #include <ac_nonexistent.h>
configure:15996: checking whether make sets $(MAKE)
configure:16018: result: yes
configure:16138: checking for cppunit-config
configure:16166: result: no
configure:16175: result: no
configure:16230: result: no
configure:16314: checking whether g++ supports namespaces
configure:16344: g++ -c -g -O2 -fno-implicit-templates  conftest.cpp >&5
configure:16344: $? = 0
configure:16359: result: yes
configure:16374: checking whether g++ supports template of templates
configure:16401: g++ -c -g -O2 -fno-implicit-templates  conftest.cpp >&5
configure:16401: $? = 0
configure:16416: result: yes
configure:16425: checking whether g++ uses ISO friend declarations
configure:16455: g++ -c -g -O2 -fno-implicit-templates  conftest.cpp >&5
configure:16455: $? = 0
configure:16470: result: yes
configure:16480: checking whether g++ defines abs for the Complex type
configure:16512: g++ -c -g -O2 -fno-implicit-templates  conftest.cpp >&5
configure:16512: $? = 0
configure:16527: result: yes
configure:16534: checking whether g++ defines conj for the Complex type
configure:16566: g++ -c -g -O2 -fno-implicit-templates  conftest.cpp >&5
configure:16566: $? = 0
configure:16581: result: yes
configure:16602: checking if the compiler can see complex instead of complex.h
configure:16615: g++ -c -g -O2 -fno-implicit-templates  conftest.cpp >&5
configure:16615: $? = 0
configure:16621: result: yes
configure:16689: checking if building a float NURBS library
configure:16709: result: yes
configure:16716: checking if building a double NURBS library
configure:16728: result: yes
configure:16776: checking Which perl are you using ?
configure:16778: result: /usr/bin/perl
configure:16894: checking that generated files are newer than configure
configure:16900: result: done
configure:16947: creating ./config.status

## ---------------------- ##
## Running config.status. ##
## ---------------------- ##

This file was extended by config.status, which was
generated by GNU Autoconf 2.69.  Invocation command line was

  CONFIG_FILES    = 
  CONFIG_HEADERS  = 
  CONFIG_LINKS    = 
  CONFIG_COMMANDS = 
  $ ./config.status 

on bjm-ThinkPad-T470

config.status:1215: creating Makefile
config.status:1215: creating Doxyfile
config.status:1215: creating nurbs++-config
config.status:1215: creating include/Makefile
config.status:1215: creating config/Makefile
config.status:1215: creating matrix/Makefile
config.status:1215: creating numerical/Makefile
config.status:1215: creating image/Makefile
config.status:1215: creating nurbs/Makefile
config.status:1215: creating examples/Makefile
config.status:1215: creating examples/matrix/Makefile
config.status:1215: creating examples/image/Makefile
config.status:1215: creating examples/numerical/Makefile
config.status:1215: creating examples/nurbs/Makefile
config.status:1215: creating tests/Makefile
config.status:1215: creating tests/matrix/Makefile
config.status:1215: creating tests/nurbs/Makefile
config.status:1215: creating nurbs++-3.0.12.pc
config.status:1215: creating include/plib_config.h
config.status:1396: include/plib_config.h is unchanged
config.status:1444: executing depfiles commands
config.status:1444: executing libtool commands

## ---------------- ##
## Cache variables. ##
## ---------------- ##

ac_cv_build=x86_64-pc-linux-gnu
ac_cv_c_compiler_gnu=yes
ac_cv_cxx_compiler_gnu=yes
ac_cv_env_CCC_set=
ac_cv_env_CCC_value=
ac_cv_env_CC_set=
ac_cv_env_CC_value=
ac_cv_env_CFLAGS_set=
ac_cv_env_CFLAGS_value=
ac_cv_env_CPPFLAGS_set=
ac_cv_env_CPPFLAGS_value=
ac_cv_env_CPP_set=
ac_cv_env_CPP_value=
ac_cv_env_CXXCPP_set=
ac_cv_env_CXXCPP_value=
ac_cv_env_CXXFLAGS_set=
ac_cv_env_CXXFLAGS_value=
ac_cv_env_CXX_set=
ac_cv_env_CXX_value=
ac_cv_env_LDFLAGS_set=
ac_cv_env_LDFLAGS_value=
ac_cv_env_LIBS_set=
ac_cv_env_LIBS_value=
ac_cv_env_LT_SYS_LIBRARY_PATH_set=
ac_cv_env_LT_SYS_LIBRARY_PATH_value=
ac_cv_env_build_alias_set=
ac_cv_env_build_alias_value=
ac_cv_env_host_alias_set=
ac_cv_env_host_alias_value=
ac_cv_env_target_alias_set=
ac_cv_env_target_alias_value=
ac_cv_header_dlfcn_h=yes
ac_cv_header_inttypes_h=yes
ac_cv_header_memory_h=yes
ac_cv_header_stdc=yes
ac_cv_header_stdint_h=yes
ac_cv_header_stdlib_h=yes
ac_cv_header_string_h=yes
ac_cv_header_strings_h=yes
ac_cv_header_sys_stat_h=yes
ac_cv_header_sys_types_h=yes
ac_cv_header_unistd_h=yes
ac_cv_host=x86_64-pc-linux-gnu
ac_cv_objext=o
ac_cv_path_EGREP='/bin/grep -E'
ac_cv_path_FGREP='/bin/grep -F'
ac_cv_path_GREP=/bin/grep
ac_cv_path_SED=/bin/sed
ac_cv_path_install='/usr/bin/install -c'
ac_cv_path_lt_DD=/bin/dd
ac_cv_path_mkdir=/bin/mkdir
ac_cv_prog_AWK=mawk
ac_cv_prog_CPP='gcc -E'
ac_cv_prog_CXXCPP='g++ -E'
ac_cv_prog_ac_ct_AR=ar
ac_cv_prog_ac_ct_CC=gcc
ac_cv_prog_ac_ct_CXX=g++
ac_cv_prog_ac_ct_MANIFEST_TOOL=mt
ac_cv_prog_ac_ct_OBJDUMP=objdump
ac_cv_prog_ac_ct_RANLIB=ranlib
ac_cv_prog_ac_ct_STRIP=strip
ac_cv_prog_cc_c89=
ac_cv_prog_cc_g=yes
ac_cv_prog_cxx_g=yes
ac_cv_prog_has_cppunit=no
ac_cv_prog_make_make_set=yes
ac_cv_target=x86_64-pc-linux-gnu
am_cv_CC_dependencies_compiler_type=gcc3
am_cv_CXX_dependencies_compiler_type=gcc3
am_cv_make_support_nested_variables=yes
am_cv_prog_cc_c_o=yes
lt_cv_ar_at_file=@
lt_cv_archive_cmds_need_lc=no
lt_cv_deplibs_check_method=pass_all
lt_cv_file_magic_cmd='$MAGIC_CMD'
lt_cv_file_magic_test_file=
lt_cv_ld_reload_flag=-r
lt_cv_nm_interface='BSD nm'
lt_cv_objdir=.libs
lt_cv_path_LD=/usr/bin/ld
lt_cv_path_LDCXX='/usr/bin/ld -m elf_x86_64'
lt_cv_path_NM='/usr/bin/nm -B'
lt_cv_path_mainfest_tool=no
lt_cv_prog_compiler_c_o=yes
lt_cv_prog_compiler_c_o_CXX=yes
lt_cv_prog_compiler_pic='-fPIC -DPIC'
lt_cv_prog_compiler_pic_CXX='-fPIC -DPIC'
lt_cv_prog_compiler_pic_works=yes
lt_cv_prog_compiler_pic_works_CXX=yes
lt_cv_prog_compiler_rtti_exceptions=no
lt_cv_prog_compiler_static_works=yes
lt_cv_prog_compiler_static_works_CXX=yes
lt_cv_prog_gnu_ld=yes
lt_cv_prog_gnu_ldcxx=yes
lt_cv_sharedlib_from_linklib_cmd='printf %s\n'
lt_cv_shlibpath_overrides_runpath=no
lt_cv_sys_global_symbol_pipe='sed -n -e '\''s/^.*[	 ]\([ABCDGIRSTW][ABCDGIRSTW]*\)[	 ][	 ]*\([_A-Za-z][_A-Za-z0-9]*\)$/\1 \2 \2/p'\'' | sed '\''/ __gnu_lto/d'\'''
lt_cv_sys_global_symbol_to_c_name_address='sed -n -e '\''s/^: \(.*\) .*$/  {"\1", (void *) 0},/p'\'' -e '\''s/^[ABCDGIRSTW][ABCDGIRSTW]* .* \(.*\)$/  {"\1", (void *) \&\1},/p'\'''
lt_cv_sys_global_symbol_to_c_name_address_lib_prefix='sed -n -e '\''s/^: \(.*\) .*$/  {"\1", (void *) 0},/p'\'' -e '\''s/^[ABCDGIRSTW][ABCDGIRSTW]* .* \(lib.*\)$/  {"\1", (void *) \&\1},/p'\'' -e '\''s/^[ABCDGIRSTW][ABCDGIRSTW]* .* \(.*\)$/  {"lib\1", (void *) \&\1},/p'\'''
lt_cv_sys_global_symbol_to_cdecl='sed -n -e '\''s/^T .* \(.*\)$/extern int \1();/p'\'' -e '\''s/^[ABCDGIRSTW][ABCDGIRSTW]* .* \(.*\)$/extern char \1;/p'\'''
lt_cv_sys_global_symbol_to_import=
lt_cv_sys_max_cmd_len=1572864
lt_cv_to_host_file_cmd=func_convert_file_noop
lt_cv_to_tool_file_cmd=func_convert_file_noop
lt_cv_truncate_bin='/bin/dd bs=4096 count=1'

## ----------------- ##
## Output variables. ##
## ----------------- ##

ACLOCAL='${SHELL} /home/bjm/SpaceCRAFT/nurbs/missing aclocal-1.15'
AMDEPBACKSLASH='\'
AMDEP_FALSE='#'
AMDEP_TRUE=''
AMTAR='$${TAR-tar}'
AM_BACKSLASH='\'
AM_DEFAULT_V='$(AM_DEFAULT_VERBOSITY)'
AM_DEFAULT_VERBOSITY='1'
AM_V='$(V)'
AR='ar'
AUTOCONF='${SHELL} /home/bjm/SpaceCRAFT/nurbs/missing autoconf'
AUTOHEADER='${SHELL} /home/bjm/SpaceCRAFT/nurbs/missing autoheader'
AUTOMAKE='${SHELL} /home/bjm/SpaceCRAFT/nurbs/missing automake-1.15'
AWK='mawk'
BUILD_CPPUNIT_TESTS_FALSE=''
BUILD_CPPUNIT_TESTS_TRUE='#'
BUILD_DOUBLE_FALSE=''
BUILD_DOUBLE_TRUE='#'
BUILD_FLOAT_DOUBLE_FALSE='#'
BUILD_FLOAT_DOUBLE_TRUE=''
BUILD_FLOAT_FALSE=''
BUILD_FLOAT_TRUE='#'
CC='gcc'
CCDEPMODE='depmode=gcc3'
CFLAGS='-g -O2'
CPP='gcc -E'
CPPFLAGS=''
CPPUNIT_CPPFLAGS=''
CPPUNIT_LIBS=''
CXX='g++'
CXXCPP='g++ -E'
CXXDEPMODE='depmode=gcc3'
CXXFLAGS='-g -O2 -fno-implicit-templates'
CYGPATH_W='echo'
DEFS='-DHAVE_CONFIG_H'
DEPDIR='.deps'
DLLTOOL='false'
DSYMUTIL=''
DUMPBIN=''
ECHO_C=''
ECHO_N='-n'
ECHO_T=''
EGREP='/bin/grep -E'
EXEEXT=''
FGREP='/bin/grep -F'
GREP='/bin/grep'
INSTALL_DATA='${INSTALL} -m 644'
INSTALL_PROGRAM='${INSTALL}'
INSTALL_SCRIPT='${INSTALL}'
INSTALL_STRIP_PROGRAM='$(install_sh) -c -s'
LD='/usr/bin/ld -m elf_x86_64'
LDFLAGS=''
LIBOBJS=''
LIBS=''
LIBTOOL='$(SHELL) $(top_builddir)/libtool'
LIPO=''
LN_S='ln -s'
LTLIBOBJS=''
LT_SYS_LIBRARY_PATH=''
MAGICK_CPPFLAGS=''
MAGICK_LDFLAGS=''
MAGICK_LIBS=''
MAKEINFO='${SHELL} /home/bjm/SpaceCRAFT/nurbs/missing makeinfo'
MANIFEST_TOOL=':'
MKDIR_P='/bin/mkdir -p'
NM='/usr/bin/nm -B'
NMEDIT=''
OBJDUMP='objdump'
OBJEXT='o'
OTOOL64=''
OTOOL=''
PACKAGE='nurbs++'
PACKAGE_BUGREPORT=''
PACKAGE_NAME=''
PACKAGE_STRING=''
PACKAGE_TARNAME=''
PACKAGE_URL=''
PACKAGE_VERSION=''
PATH_SEPARATOR=':'
RANLIB='ranlib'
SED='/bin/sed'
SET_MAKE=''
SHELL='/bin/bash'
STRIP='strip'
VERSION='3.0.12'
ac_ct_AR='ar'
ac_ct_CC='gcc'
ac_ct_CXX='g++'
ac_ct_DUMPBIN=''
am__EXEEXT_FALSE=''
am__EXEEXT_TRUE='#'
am__fastdepCC_FALSE='#'
am__fastdepCC_TRUE=''
am__fastdepCXX_FALSE='#'
am__fastdepCXX_TRUE=''
am__include='include'
am__isrc=''
am__leading_dot='.'
am__nodep='_no'
am__quote=''
am__tar='$${TAR-tar} chof - "$$tardir"'
am__untar='$${TAR-tar} xf -'
ar=''
bindir='${exec_prefix}/bin'
build='x86_64-pc-linux-gnu'
build_alias=''
build_cpu='x86_64'
build_os='linux-gnu'
build_vendor='pc'
clean_list=''
complex_header='complex.h'
complex_lib=''
datadir='${datarootdir}'
datarootdir='${prefix}/share'
docdir='${datarootdir}/doc/${PACKAGE}'
dvidir='${docdir}'
exec_prefix='${prefix}'
has_cppunit='no'
host='x86_64-pc-linux-gnu'
host_alias=''
host_cpu='x86_64'
host_os='linux-gnu'
host_vendor='pc'
htmldir='${docdir}'
includedir='${prefix}/include'
infodir='${datarootdir}/info'
inside_mindseye=''
install_sh='${SHELL} /home/bjm/SpaceCRAFT/nurbs/install-sh'
libcxx_flags=''
libdir='${exec_prefix}/lib'
libexecdir='${exec_prefix}/libexec'
libld=''
libld_options=''
libs_inc=''
localedir='${datarootdir}/locale'
localstatedir='${prefix}/var'
mandir='${datarootdir}/man'
matrix_include='-I$(top_srcdir)/matrix -I$(top_srcdir)/image -I$(top_srcdir)/numerical'
matrix_lib='-lmatrixN -lmatrixI -lmatrix'
matrix_lib_flag='-L$(top_srcdir)/matrix -L$(top_srcdir)/image -L$(top_srcdir)/numerical'
mkdir_p='$(MKDIR_P)'
nurbs_demo_lib=''
nurbs_include='-I$(top_srcdir)/nurbs'
nurbs_lib='$(packagedir)/nurbs/libnurbsf.la $(packagedir)/nurbs/libnurbsd.la'
nurbs_libd='$(packagedir)/nurbs/libnurbsd.la'
nurbs_libf='$(packagedir)/nurbs/libnurbsf.la'
nurbs_libs=''
oldincludedir='/usr/include'
option_include=''
option_libs=''
packagedir='/home/bjm/SpaceCRAFT/nurbs'
pdfdir='${docdir}'
perl='/usr/bin/perl'
prefix='/usr/local'
program_transform_name='s,x,x,'
psdir='${docdir}'
runstatedir='${localstatedir}/run'
sbindir='${exec_prefix}/sbin'
sharedstatedir='${prefix}/com'
sysconfdir='${prefix}/etc'
target='x86_64-pc-linux-gnu'
target_alias=''
target_cpu='x86_64'
target_os='linux-gnu'
target_vendor='pc'

## ----------- ##
## confdefs.h. ##
## ----------- ##

/* confdefs.h */
#define PACKAGE_NAME ""
#define PACKAGE_TARNAME ""
#define PACKAGE_VERSION ""
#define PACKAGE_STRING ""
#define PACKAGE_BUGREPORT ""
#define PACKAGE_URL ""
#define PACKAGE "nurbs++"
#define VERSION "3.0.12"
#define STDC_HEADERS 1
#define HAVE_SYS_TYPES_H 1
#define HAVE_SYS_STAT_H 1
#define HAVE_STDLIB_H 1
#define HAVE_STRING_H 1
#define HAVE_MEMORY_H 1
#define HAVE_STRINGS_H 1
#define HAVE_INTTYPES_H 1
#define HAVE_STDINT_H 1
#define HAVE_UNISTD_H 1
#define HAVE_DLFCN_H 1
#define LT_OBJDIR ".libs/"
#define USE_EXCEPTION 1
#define DEBUG_PLIB 1
#define NO_IMPLICIT_TEMPLATES 1
#define USING_LINUX 1
#define HAVE_NAMESPACE 1
#define HAVE_TEMPLATE_OF_TEMPLATE 1
#define HAVE_ISO_FRIEND_DECL 1
#define HAS_COMPLEX_ABS 1
#define HAS_COMPLEX_CONJ 1
#define PACKAGE 1
#define VERSION 1

configure: exit 0
